<?xml version="1.0" encoding="UTF-8"?>
<!-- Generated by org.testng.reporters.JUnitXMLReporter -->
<testsuite ignored="3" hostname="DESKTOP-A2S9SMV" failures="0" tests="2" name="RestAssuredTest" time="10.031" errors="0" timestamp="2024-02-15T18:39:20 IST">
  <testcase classname="com.restassuredheroapp.testscripts.TestRest" name="ValidateStatusCodeAndMessage" time="7.711"/>
  <testcase classname="com.restassuredheroapp.testscripts.TestRest" name="ValidateOTP" time="2.028"/>
  <testcase classname="com.restassuredheroapp.testscripts.TestRest" name="ValidateJsonSchema" time="0.0">
    <ignored/>
  </testcase> <!-- ValidateJsonSchema -->
  <testcase classname="com.restassuredheroapp.testscripts.TestRest" name="ValidateResponseHeader" time="0.0">
    <ignored/>
  </testcase> <!-- ValidateResponseHeader -->
  <testcase classname="com.restassuredheroapp.testscripts.TestRest" name="ValidateResponseBody" time="0.0">
    <ignored/>
  </testcase> <!-- ValidateResponseBody -->
</testsuite> <!-- RestAssuredTest -->
