<?xml version="1.0" encoding="UTF-8"?>
<!-- Generated by org.testng.reporters.JUnitXMLReporter -->
<testsuite ignored="0" hostname="DESKTOP-A2S9SMV" failures="0" tests="3" name="StoreTest" time="14.955" errors="0" timestamp="2024-05-21T12:53:02 IST">
  <testcase classname="com.restassuredheroapp.testscripts.StoreTestCases" name="CreateOrder" time="10.72"/>
  <testcase classname="com.restassuredheroapp.testscripts.StoreTestCases" name="GetOrder" time="1.642"/>
  <testcase classname="com.restassuredheroapp.testscripts.StoreTestCases" name="DeleteOrder" time="2.289"/>
</testsuite> <!-- StoreTest -->
