<?xml version="1.0" encoding="UTF-8"?>
<!-- Generated by org.testng.reporters.JUnitXMLReporter -->
<testsuite ignored="1" hostname="DESKTOP-A2S9SMV" failures="1" tests="1" name="TestingRestApisTest" time="5.935" errors="0" timestamp="2023-12-19T14:57:47 IST">
  <testcase classname="com.restassuredheroapp.testscripts.TestingRestApis" name="CreateBook" time="5.841">
    <failure type="java.lang.RuntimeException" message="com.fasterxml.jackson.databind.exc.UnrecognizedPropertyException: Unrecognized field &amp;quot;code&amp;quot; (class com.restassuredheroapp.pojos.BookStore), not marked as ignorable (3 known properties: &amp;quot;collectionOfIsbns&amp;quot;, &amp;quot;books&amp;quot;, &amp;quot;userId&amp;quot;])
 at [Source: (String)&amp;quot;{&amp;quot;code&amp;quot;:&amp;quot;1207&amp;quot;,&amp;quot;message&amp;quot;:&amp;quot;User Id not correct!&amp;quot;}&amp;quot;; line: 1, column: 10] (through reference chain: com.restassuredheroapp.pojos.BookStore[&amp;quot;code&amp;quot;])">
      <![CDATA[java.lang.RuntimeException: com.fasterxml.jackson.databind.exc.UnrecognizedPropertyException: Unrecognized field "code" (class com.restassuredheroapp.pojos.BookStore), not marked as ignorable (3 known properties: "collectionOfIsbns", "books", "userId"])
 at [Source: (String)"{"code":"1207","message":"User Id not correct!"}"; line: 1, column: 10] (through reference chain: com.restassuredheroapp.pojos.BookStore["code"])
at io.restassured.internal.path.json.mapping.JsonPathJackson2ObjectDeserializer.deserialize(JsonPathJackson2ObjectDeserializer.java:30)
at io.restassured.path.json.mapping.JsonPathObjectDeserializer$deserialize.call(Unknown Source)
at org.codehaus.groovy.runtime.callsite.CallSiteArray.defaultCall(CallSiteArray.java:45)
at org.codehaus.groovy.runtime.callsite.AbstractCallSite.call(AbstractCallSite.java:125)
at org.codehaus.groovy.runtime.callsite.AbstractCallSite.call(AbstractCallSite.java:139)
at io.restassured.internal.mapping.Jackson2Mapper.deserialize(Jackson2Mapper.groovy:58)
at io.restassured.mapper.ObjectMapper$deserialize$0.call(Unknown Source)
at org.codehaus.groovy.runtime.callsite.CallSiteArray.defaultCall(CallSiteArray.java:45)
at org.codehaus.groovy.runtime.callsite.AbstractCallSite.call(AbstractCallSite.java:125)
at org.codehaus.groovy.runtime.callsite.AbstractCallSite.call(AbstractCallSite.java:139)
at io.restassured.internal.mapping.ObjectMapping.parseWithJackson2(ObjectMapping.groovy:254)
at io.restassured.internal.mapping.ObjectMapping$parseWithJackson2$1.callStatic(Unknown Source)
at org.codehaus.groovy.runtime.callsite.CallSiteArray.defaultCallStatic(CallSiteArray.java:53)
at org.codehaus.groovy.runtime.callsite.AbstractCallSite.callStatic(AbstractCallSite.java:217)
at org.codehaus.groovy.runtime.callsite.AbstractCallSite.callStatic(AbstractCallSite.java:240)
at io.restassured.internal.mapping.ObjectMapping.deserialize(ObjectMapping.groovy:56)
at io.restassured.internal.mapping.ObjectMapping$deserialize$0.call(Unknown Source)
at org.codehaus.groovy.runtime.callsite.CallSiteArray.defaultCall(CallSiteArray.java:45)
at org.codehaus.groovy.runtime.callsite.AbstractCallSite.call(AbstractCallSite.java:125)
at io.restassured.internal.RestAssuredResponseOptionsGroovyImpl.as(RestAssuredResponseOptionsGroovyImpl.groovy:229)
at io.restassured.internal.RestAssuredResponseOptionsImpl.as(RestAssuredResponseOptionsImpl.java:169)
at com.restassuredheroapp.testscripts.TestingRestApis.CreateBook(TestingRestApis.java:63)
at java.base/java.util.ArrayList.forEach(ArrayList.java:1541)
Caused by: com.fasterxml.jackson.databind.exc.UnrecognizedPropertyException: Unrecognized field "code" (class com.restassuredheroapp.pojos.BookStore), not marked as ignorable (3 known properties: "collectionOfIsbns", "books", "userId"])
 at [Source: (String)"{"code":"1207","message":"User Id not correct!"}"; line: 1, column: 10] (through reference chain: com.restassuredheroapp.pojos.BookStore["code"])
at com.fasterxml.jackson.databind.exc.UnrecognizedPropertyException.from(UnrecognizedPropertyException.java:61)
at com.fasterxml.jackson.databind.DeserializationContext.handleUnknownProperty(DeserializationContext.java:1138)
at com.fasterxml.jackson.databind.deser.std.StdDeserializer.handleUnknownProperty(StdDeserializer.java:2224)
at com.fasterxml.jackson.databind.deser.BeanDeserializerBase.handleUnknownProperty(BeanDeserializerBase.java:1709)
at com.fasterxml.jackson.databind.deser.BeanDeserializerBase.handleUnknownVanilla(BeanDeserializerBase.java:1687)
at com.fasterxml.jackson.databind.deser.BeanDeserializer.vanillaDeserialize(BeanDeserializer.java:320)
at com.fasterxml.jackson.databind.deser.BeanDeserializer.deserialize(BeanDeserializer.java:177)
at com.fasterxml.jackson.databind.deser.DefaultDeserializationContext.readRootValue(DefaultDeserializationContext.java:323)
at com.fasterxml.jackson.databind.ObjectMapper._readMapAndClose(ObjectMapper.java:4825)
at com.fasterxml.jackson.databind.ObjectMapper.readValue(ObjectMapper.java:3772)
at io.restassured.internal.path.json.mapping.JsonPathJackson2ObjectDeserializer.deserialize(JsonPathJackson2ObjectDeserializer.java:28)
... 49 more
... Removed 27 stack frames]]>
    </failure>
  </testcase> <!-- CreateBook -->
  <testcase classname="com.restassuredheroapp.testscripts.TestingRestApis" name="GetBooks" time="0.0">
    <ignored/>
  </testcase> <!-- GetBooks -->
</testsuite> <!-- TestingRestApisTest -->
