<?xml version="1.0" encoding="UTF-8"?>
<!-- Generated by org.testng.reporters.JUnitXMLReporter -->
<testsuite ignored="0" hostname="DESKTOP-A2S9SMV" failures="0" tests="12" name="PetTestCasesTest" time="28.276" errors="0" timestamp="2023-12-31T14:58:11 IST">
  <testcase classname="com.restassuredheroapp.testscripts.PetTestCases" name="CreatePet" time="9.189"/>
  <testcase classname="com.restassuredheroapp.testscripts.PetTestCases" name="CreatePet" time="1.63"/>
  <testcase classname="com.restassuredheroapp.testscripts.PetTestCases" name="CreatePet" time="1.799"/>
  <testcase classname="com.restassuredheroapp.testscripts.PetTestCases" name="CreatePetValidateJsonSchema" time="2.596"/>
  <testcase classname="com.restassuredheroapp.testscripts.PetTestCases" name="CreatePetwithDifferentHTTPMethod" time="1.57"/>
  <testcase classname="com.restassuredheroapp.testscripts.PetTestCases" name="GetPet" time="1.598"/>
  <testcase classname="com.restassuredheroapp.testscripts.PetTestCases" name="GetPetWithInvalidIDAsInteger" time="1.616"/>
  <testcase classname="com.restassuredheroapp.testscripts.PetTestCases" name="GetPetWithInvalidIDWithAsString" time="1.522"/>
  <testcase classname="com.restassuredheroapp.testscripts.PetTestCases" name="UpdatedPet" time="1.493"/>
  <testcase classname="com.restassuredheroapp.testscripts.PetTestCases" name="DeletePet" time="1.546"/>
  <testcase classname="com.restassuredheroapp.testscripts.PetTestCases" name="DeletePetWithInvalidIDAsInteger" time="1.645"/>
  <testcase classname="com.restassuredheroapp.testscripts.PetTestCases" name="DeletePetWithInvalidIDWithAsString" time="1.716"/>
</testsuite> <!-- PetTestCasesTest -->
