<?xml version="1.0" encoding="UTF-8"?>
<testng-results ignored="0" total="3" passed="3" failed="0" skipped="0">
  <reporter-output>
  </reporter-output>
  <suite started-at="2024-05-21T12:52:47 IST" name="StoreSuite" finished-at="2024-05-21T12:53:02 IST" duration-ms="14955">
    <groups>
    </groups>
    <test started-at="2024-05-21T12:52:47 IST" name="StoreTest" finished-at="2024-05-21T12:53:02 IST" duration-ms="14955">
      <class name="com.restassuredheroapp.testscripts.StoreTestCases">
        <test-method signature="CreateOrder()[pri:0, instance:com.restassuredheroapp.testscripts.StoreTestCases@2764c546]" started-at="2024-05-21T12:52:47 IST" name="CreateOrder" finished-at="2024-05-21T12:52:58 IST" duration-ms="10720" status="PASS">
          <reporter-output>
          </reporter-output>
        </test-method> <!-- CreateOrder -->
        <test-method signature="GetOrder()[pri:0, instance:com.restassuredheroapp.testscripts.StoreTestCases@2764c546]" started-at="2024-05-21T12:52:58 IST" name="GetOrder" finished-at="2024-05-21T12:53:00 IST" depends-on-methods="com.restassuredheroapp.testscripts.StoreTestCases.CreateOrder" duration-ms="1642" status="PASS">
          <reporter-output>
          </reporter-output>
        </test-method> <!-- GetOrder -->
        <test-method signature="DeleteOrder()[pri:0, instance:com.restassuredheroapp.testscripts.StoreTestCases@2764c546]" started-at="2024-05-21T12:53:00 IST" name="DeleteOrder" finished-at="2024-05-21T12:53:02 IST" depends-on-methods="com.restassuredheroapp.testscripts.StoreTestCases.GetOrder" duration-ms="2289" status="PASS">
          <reporter-output>
          </reporter-output>
        </test-method> <!-- DeleteOrder -->
      </class> <!-- com.restassuredheroapp.testscripts.StoreTestCases -->
    </test> <!-- StoreTest -->
  </suite> <!-- StoreSuite -->
</testng-results>
