<?xml version="1.0" encoding="UTF-8"?>
<!-- Generated by org.testng.reporters.JUnitXMLReporter -->
<testsuite ignored="0" hostname="DESKTOP-A2S9SMV" failures="0" tests="12" name="PetTest" time="24.66" errors="0" timestamp="2024-05-07T13:02:01 IST">
  <testcase classname="com.restassuredheroapp.testscripts.PetTestCases" name="CreatePet" time="9.402"/>
  <testcase classname="com.restassuredheroapp.testscripts.PetTestCases" name="CreatePet" time="1.293"/>
  <testcase classname="com.restassuredheroapp.testscripts.PetTestCases" name="CreatePet" time="1.341"/>
  <testcase classname="com.restassuredheroapp.testscripts.PetTestCases" name="CreatePetValidateJsonSchema" time="1.983"/>
  <testcase classname="com.restassuredheroapp.testscripts.PetTestCases" name="CreatePetwithDifferentHTTPMethod" time="1.399"/>
  <testcase classname="com.restassuredheroapp.testscripts.PetTestCases" name="GetPet" time="1.22"/>
  <testcase classname="com.restassuredheroapp.testscripts.PetTestCases" name="GetPetWithInvalidIDAsInteger" time="1.236"/>
  <testcase classname="com.restassuredheroapp.testscripts.PetTestCases" name="GetPetWithInvalidIDWithAsString" time="1.257"/>
  <testcase classname="com.restassuredheroapp.testscripts.PetTestCases" name="UpdatedPet" time="1.254"/>
  <testcase classname="com.restassuredheroapp.testscripts.PetTestCases" name="DeletePet" time="1.232"/>
  <testcase classname="com.restassuredheroapp.testscripts.PetTestCases" name="DeletePetWithInvalidIDAsInteger" time="1.419"/>
  <testcase classname="com.restassuredheroapp.testscripts.PetTestCases" name="DeletePetWithInvalidIDWithAsString" time="1.259"/>
</testsuite> <!-- PetTest -->
